INFO:root:05-08-2018 16:53:23 Бойко Артем ( ID: 6) changed balance from 150 to 150
INFO:root:05-08-2018 16:59:24 Литвинова Мария (ID: 20) changed balance from 100 to 150
INFO:root:05-08-2018 18:05:19 Волкова Алиса (ID: 10) changed balance from 150 to 550
INFO:root:05-08-2018 18:06:12 Хисамутдинов Эльдар (ID: 31) changed balance from 150 to 550
INFO:root:05-08-2018 18:06:27 Федоров Василий (ID: 30) changed balance from 150 to 550
INFO:root:05-08-2018 18:06:55 Волкова Алиса (ID: 10) changed balance from 550 to 750
INFO:root:06-08-2018 11:47:50 Биленко Лев (ID: 3) changed balance from 100 to 95

INFO:root:06-08-2018 15:06:48 Андрийчук Михаил (ID: 0) changed balance from 150 to 170
INFO:root:06-08-2018 15:06:48 Багманов Владимир (ID: 1) changed balance from 100 to 120
INFO:root:06-08-2018 15:06:48 Безпрозванный Андрей (ID: 2) changed balance from 100 to 120
INFO:root:06-08-2018 15:06:48 Биленко Лев (ID: 3) changed balance from 95 to 115
INFO:root:06-08-2018 15:06:48 Блохтин  Никита  (ID: 4) changed balance from 100 to 120
INFO:root:06-08-2018 15:06:48 Богданов Александр (ID: 5) changed balance from 150 to 170
INFO:root:06-08-2018 15:06:48 Бойко Артем (ID: 6) changed balance from 150 to 170
INFO:root:06-08-2018 15:06:48 Болгов Александр (ID: 7) changed balance from 150 to 170
INFO:root:06-08-2018 15:06:48 Ветницкий Владимир (ID: 8) changed balance from 100 to 120
INFO:root:06-08-2018 15:06:48 Ветчининов  Ярослав (ID: 9) changed balance from 100 to 120
INFO:root:06-08-2018 15:06:48 Волкова Алиса (ID: 10) changed balance from 750 to 770
INFO:root:06-08-2018 15:06:48 Гонтарь Дмитрий (ID: 11) changed balance from 100 to 120
INFO:root:06-08-2018 15:06:48 Грибенник Виталий (ID: 12) changed balance from 150 to 170
INFO:root:06-08-2018 15:06:48 Григораш Артём (ID: 13) changed balance from 150 to 170
INFO:root:06-08-2018 15:06:48 Елизарова Ирина (ID: 14) changed balance from 100 to 120
INFO:root:06-08-2018 15:06:48 Зеленин Леонид (ID: 15) changed balance from 100 to 120
INFO:root:06-08-2018 15:06:48 Клинская Злата (ID: 16) changed balance from 101 to 121
INFO:root:06-08-2018 15:06:48 Копосов Тимофей (ID: 17) changed balance from 100 to 120
INFO:root:06-08-2018 15:06:48 Лаврова Вера (ID: 18) changed balance from 150 to 170
INFO:root:06-08-2018 15:06:48 Лазо Арсений (ID: 19) changed balance from 150 to 170
INFO:root:06-08-2018 15:06:48 Литвинова Мария (ID: 20) changed balance from 150 to 170
INFO:root:06-08-2018 15:06:48 Лойко  Аня (ID: 21) changed balance from 100 to 120
INFO:root:06-08-2018 15:06:48 Лопатин Егор (ID: 22) changed balance from 0 to 20
INFO:root:06-08-2018 15:06:48 Малков Максим (ID: 23) changed balance from 150 to 170
INFO:root:06-08-2018 15:06:48 Мастинен Анна (ID: 24) changed balance from 100 to 120
INFO:root:06-08-2018 15:06:48 Мельникова Александра (ID: 25) changed balance from 100 to 120
INFO:root:06-08-2018 15:06:48 Погорелов Сергей (ID: 26) changed balance from 100 to 120
INFO:root:06-08-2018 15:06:48 Савинов  Даниил (ID: 27) changed balance from 100 to 120
INFO:root:06-08-2018 15:06:48 Смолинская Алиса (ID: 28) changed balance from 100 to 120
INFO:root:06-08-2018 15:06:48 Соколова Валерия (ID: 29) changed balance from 100 to 120
INFO:root:06-08-2018 15:06:48 Федоров Василий (ID: 30) changed balance from 550 to 570
INFO:root:06-08-2018 15:06:48 Хисамутдинов Эльдар (ID: 31) changed balance from 550 to 570
INFO:root:06-08-2018 15:06:48 Цвей Лев (ID: 32) changed balance from 100 to 120
INFO:root:06-08-2018 15:06:49 Цейтлин  Михаил (ID: 33) changed balance from 100 to 120
INFO:root:06-08-2018 15:07:26 Лопатин Егор (ID: 22) changed balance from 20 to 0

INFO:root:06-08-2018 15:08:01 Андрийчук Михаил (ID: 0) changed balance from 170 to 190
INFO:root:06-08-2018 15:08:01 Багманов Владимир (ID: 1) changed balance from 120 to 140
INFO:root:06-08-2018 15:08:01 Безпрозванный Андрей (ID: 2) changed balance from 120 to 140
INFO:root:06-08-2018 15:08:01 Биленко Лев (ID: 3) changed balance from 115 to 135
INFO:root:06-08-2018 15:08:01 Блохтин  Никита  (ID: 4) changed balance from 120 to 140
INFO:root:06-08-2018 15:08:01 Богданов Александр (ID: 5) changed balance from 170 to 190
INFO:root:06-08-2018 15:08:01 Бойко Артем (ID: 6) changed balance from 170 to 190
INFO:root:06-08-2018 15:08:01 Болгов Александр (ID: 7) changed balance from 170 to 190
INFO:root:06-08-2018 15:08:01 Ветницкий Владимир (ID: 8) changed balance from 120 to 140
INFO:root:06-08-2018 15:08:01 Ветчининов  Ярослав (ID: 9) changed balance from 120 to 140
INFO:root:06-08-2018 15:08:01 Волкова Алиса (ID: 10) changed balance from 770 to 790
INFO:root:06-08-2018 15:08:01 Гонтарь Дмитрий (ID: 11) changed balance from 120 to 140
INFO:root:06-08-2018 15:08:01 Грибенник Виталий (ID: 12) changed balance from 170 to 190
INFO:root:06-08-2018 15:08:01 Григораш Артём (ID: 13) changed balance from 170 to 190
INFO:root:06-08-2018 15:08:01 Елизарова Ирина (ID: 14) changed balance from 120 to 140
INFO:root:06-08-2018 15:08:01 Зеленин Леонид (ID: 15) changed balance from 120 to 140
INFO:root:06-08-2018 15:08:01 Клинская Злата (ID: 16) changed balance from 121 to 141
INFO:root:06-08-2018 15:08:01 Копосов Тимофей (ID: 17) changed balance from 120 to 140
INFO:root:06-08-2018 15:08:01 Лаврова Вера (ID: 18) changed balance from 170 to 190
INFO:root:06-08-2018 15:08:01 Лазо Арсений (ID: 19) changed balance from 170 to 190
INFO:root:06-08-2018 15:08:01 Литвинова Мария (ID: 20) changed balance from 170 to 190
INFO:root:06-08-2018 15:08:01 Лойко  Аня (ID: 21) changed balance from 120 to 140
INFO:root:06-08-2018 15:08:01 Малков Максим (ID: 23) changed balance from 170 to 190
INFO:root:06-08-2018 15:08:01 Мастинен Анна (ID: 24) changed balance from 120 to 140
INFO:root:06-08-2018 15:08:01 Мельникова Александра (ID: 25) changed balance from 120 to 140
INFO:root:06-08-2018 15:08:01 Погорелов Сергей (ID: 26) changed balance from 120 to 140
INFO:root:06-08-2018 15:08:01 Савинов  Даниил (ID: 27) changed balance from 120 to 140
INFO:root:06-08-2018 15:08:01 Смолинская Алиса (ID: 28) changed balance from 120 to 140
INFO:root:06-08-2018 15:08:01 Соколова Валерия (ID: 29) changed balance from 120 to 140
INFO:root:06-08-2018 15:08:01 Федоров Василий (ID: 30) changed balance from 570 to 590
INFO:root:06-08-2018 15:08:01 Хисамутдинов Эльдар (ID: 31) changed balance from 570 to 590
INFO:root:06-08-2018 15:08:01 Цвей Лев (ID: 32) changed balance from 120 to 140
INFO:root:06-08-2018 15:08:01 Цейтлин  Михаил (ID: 33) changed balance from 120 to 140

INFO:root:06-08-2018 15:10:59 Багманов Владимир (ID: 1) changed balance from 140 to 180
INFO:root:06-08-2018 15:10:59 Безпрозванный Андрей (ID: 2) changed balance from 140 to 180
INFO:root:06-08-2018 15:10:59 Биленко Лев (ID: 3) changed balance from 135 to 175
INFO:root:06-08-2018 15:10:59 Богданов Александр (ID: 5) changed balance from 190 to 230
INFO:root:06-08-2018 15:10:59 Бойко Артем (ID: 6) changed balance from 190 to 230
INFO:root:06-08-2018 15:10:59 Ветницкий Владимир (ID: 8) changed balance from 140 to 180
INFO:root:06-08-2018 15:10:59 Волкова Алиса (ID: 10) changed balance from 790 to 830
INFO:root:06-08-2018 15:10:59 Гонтарь Дмитрий (ID: 11) changed balance from 140 to 180
INFO:root:06-08-2018 15:10:59 Григораш Артём (ID: 13) changed balance from 190 to 230
INFO:root:06-08-2018 15:10:59 Елизарова Ирина (ID: 14) changed balance from 140 to 180
INFO:root:06-08-2018 15:10:59 Зеленин Леонид (ID: 15) changed balance from 140 to 180
INFO:root:06-08-2018 15:10:59 Клинская Злата (ID: 16) changed balance from 141 to 181
INFO:root:06-08-2018 15:10:59 Копосов Тимофей (ID: 17) changed balance from 140 to 180
INFO:root:06-08-2018 15:10:59 Лаврова Вера (ID: 18) changed balance from 190 to 230
INFO:root:06-08-2018 15:10:59 Лазо Арсений (ID: 19) changed balance from 190 to 230
INFO:root:06-08-2018 15:10:59 Литвинова Мария (ID: 20) changed balance from 190 to 230
INFO:root:06-08-2018 15:10:59 Лойко  Аня (ID: 21) changed balance from 140 to 180
INFO:root:06-08-2018 15:10:59 Малков Максим (ID: 23) changed balance from 190 to 230
INFO:root:06-08-2018 15:10:59 Мастинен Анна (ID: 24) changed balance from 140 to 180
INFO:root:06-08-2018 15:10:59 Мельникова Александра (ID: 25) changed balance from 140 to 180
INFO:root:06-08-2018 15:10:59 Погорелов Сергей (ID: 26) changed balance from 140 to 180
INFO:root:06-08-2018 15:10:59 Савинов  Даниил (ID: 27) changed balance from 140 to 180
INFO:root:06-08-2018 15:10:59 Смолинская Алиса (ID: 28) changed balance from 140 to 180
INFO:root:06-08-2018 15:10:59 Соколова Валерия (ID: 29) changed balance from 140 to 180
INFO:root:06-08-2018 15:10:59 Федоров Василий (ID: 30) changed balance from 590 to 630
INFO:root:06-08-2018 15:10:59 Хисамутдинов Эльдар (ID: 31) changed balance from 590 to 630
INFO:root:06-08-2018 15:10:59 Цвей Лев (ID: 32) changed balance from 140 to 180
INFO:root:06-08-2018 15:10:59 Цейтлин  Михаил (ID: 33) changed balance from 140 to 180

INFO:root:06-08-2018 15:12:04 Андрийчук Михаил (ID: 0) changed balance from 190 to 210
INFO:root:06-08-2018 15:12:04 Багманов Владимир (ID: 1) changed balance from 180 to 200
INFO:root:06-08-2018 15:12:04 Безпрозванный Андрей (ID: 2) changed balance from 180 to 200
INFO:root:06-08-2018 15:12:04 Биленко Лев (ID: 3) changed balance from 175 to 195
INFO:root:06-08-2018 15:12:04 Блохтин  Никита  (ID: 4) changed balance from 140 to 160
INFO:root:06-08-2018 15:12:04 Богданов Александр (ID: 5) changed balance from 230 to 250
INFO:root:06-08-2018 15:12:04 Бойко Артем (ID: 6) changed balance from 230 to 250
INFO:root:06-08-2018 15:12:04 Болгов Александр (ID: 7) changed balance from 190 to 210
INFO:root:06-08-2018 15:12:04 Ветницкий Владимир (ID: 8) changed balance from 180 to 200
INFO:root:06-08-2018 15:12:04 Волкова Алиса (ID: 10) changed balance from 830 to 850
INFO:root:06-08-2018 15:12:04 Гонтарь Дмитрий (ID: 11) changed balance from 180 to 200
INFO:root:06-08-2018 15:12:04 Григораш Артём (ID: 13) changed balance from 230 to 250
INFO:root:06-08-2018 15:12:04 Елизарова Ирина (ID: 14) changed balance from 180 to 200
INFO:root:06-08-2018 15:12:04 Зеленин Леонид (ID: 15) changed balance from 180 to 200
INFO:root:06-08-2018 15:12:04 Клинская Злата (ID: 16) changed balance from 181 to 201
INFO:root:06-08-2018 15:12:04 Копосов Тимофей (ID: 17) changed balance from 180 to 200
INFO:root:06-08-2018 15:12:04 Лаврова Вера (ID: 18) changed balance from 230 to 250
INFO:root:06-08-2018 15:12:04 Лазо Арсений (ID: 19) changed balance from 230 to 250
INFO:root:06-08-2018 15:12:04 Литвинова Мария (ID: 20) changed balance from 230 to 250
INFO:root:06-08-2018 15:12:05 Лойко  Аня (ID: 21) changed balance from 180 to 200
INFO:root:06-08-2018 15:12:05 Малков Максим (ID: 23) changed balance from 230 to 250
INFO:root:06-08-2018 15:12:05 Мастинен Анна (ID: 24) changed balance from 180 to 200
INFO:root:06-08-2018 15:12:05 Мельникова Александра (ID: 25) changed balance from 180 to 200
INFO:root:06-08-2018 15:12:05 Погорелов Сергей (ID: 26) changed balance from 180 to 200
INFO:root:06-08-2018 15:12:05 Савинов  Даниил (ID: 27) changed balance from 180 to 200
INFO:root:06-08-2018 15:12:05 Смолинская Алиса (ID: 28) changed balance from 180 to 200
INFO:root:06-08-2018 15:12:05 Соколова Валерия (ID: 29) changed balance from 180 to 200
INFO:root:06-08-2018 15:12:05 Федоров Василий (ID: 30) changed balance from 630 to 650
INFO:root:06-08-2018 15:12:05 Хисамутдинов Эльдар (ID: 31) changed balance from 630 to 650
INFO:root:06-08-2018 15:12:05 Цвей Лев (ID: 32) changed balance from 180 to 200
INFO:root:06-08-2018 15:12:05 Цейтлин  Михаил (ID: 33) changed balance from 180 to 200

INFO:root:06-08-2018 18:29:56 Блохтин  Никита  (ID: 4) changed balance from 160 to 210

INFO:root:06-08-2018 21:09:16 Безпрозванный Андрей (ID: 2) changed balance from 200 to 250
INFO:root:06-08-2018 21:09:16 Богданов Александр (ID: 5) changed balance from 250 to 300
INFO:root:06-08-2018 21:09:16 Гонтарь Дмитрий (ID: 11) changed balance from 200 to 250
INFO:root:06-08-2018 21:09:16 Григораш Артём (ID: 13) changed balance from 250 to 300
INFO:root:06-08-2018 21:09:16 Зеленин Леонид (ID: 15) changed balance from 200 to 250
INFO:root:06-08-2018 21:09:16 Клинская Злата (ID: 16) changed balance from 201 to 251
INFO:root:06-08-2018 21:09:16 Лойко  Аня (ID: 21) changed balance from 200 to 250
INFO:root:06-08-2018 21:09:16 Малков Максим (ID: 23) changed balance from 250 to 300
INFO:root:06-08-2018 21:09:16 Погорелов Сергей (ID: 26) changed balance from 200 to 250
INFO:root:06-08-2018 21:09:16 Смолинская Алиса (ID: 28) changed balance from 200 to 250
INFO:root:06-08-2018 21:09:16 Цвей Лев (ID: 32) changed balance from 200 to 250
INFO:root:06-08-2018 21:09:16 Цейтлин  Михаил (ID: 33) changed balance from 200 to 250

INFO:root:06-08-2018 21:10:41 Цейтлин  Михаил (ID: 33) changed balance from 250 to 300
INFO:root:06-08-2018 22:43:21 Багманов Владимир (ID: 1) changed balance from 200 to 220
INFO:root:06-08-2018 22:43:22 Безпрозванный Андрей (ID: 2) changed balance from 250 to 270
INFO:root:06-08-2018 22:43:22 Биленко Лев (ID: 3) changed balance from 195 to 215
INFO:root:06-08-2018 22:43:22 Богданов Александр (ID: 5) changed balance from 300 to 320
INFO:root:06-08-2018 22:43:22 Бойко Артем (ID: 6) changed balance from 250 to 270
INFO:root:06-08-2018 22:43:22 Ветницкий Владимир (ID: 8) changed balance from 200 to 220
INFO:root:06-08-2018 22:43:22 Волкова Алиса (ID: 10) changed balance from 850 to 870
INFO:root:06-08-2018 22:43:22 Гонтарь Дмитрий (ID: 11) changed balance from 250 to 270
INFO:root:06-08-2018 22:43:22 Григораш Артём (ID: 13) changed balance from 300 to 320
INFO:root:06-08-2018 22:43:22 Зеленин Леонид (ID: 15) changed balance from 250 to 270
INFO:root:06-08-2018 22:43:22 Клинская Злата (ID: 16) changed balance from 251 to 271
INFO:root:06-08-2018 22:43:22 Копосов Тимофей (ID: 17) changed balance from 200 to 220
INFO:root:06-08-2018 22:43:22 Лаврова Вера (ID: 18) changed balance from 250 to 270
INFO:root:06-08-2018 22:43:22 Лазо Арсений (ID: 19) changed balance from 250 to 270
INFO:root:06-08-2018 22:43:22 Литвинова Мария (ID: 20) changed balance from 250 to 270
INFO:root:06-08-2018 22:43:22 Лойко  Аня (ID: 21) changed balance from 250 to 270
INFO:root:06-08-2018 22:43:22 Малков Максим (ID: 23) changed balance from 300 to 320
INFO:root:06-08-2018 22:43:22 Мастинен Анна (ID: 24) changed balance from 200 to 220
INFO:root:06-08-2018 22:43:22 Мельникова Александра (ID: 25) changed balance from 200 to 220
INFO:root:06-08-2018 22:43:23 Погорелов Сергей (ID: 26) changed balance from 250 to 270
INFO:root:06-08-2018 22:43:23 Савинов  Даниил (ID: 27) changed balance from 200 to 220
INFO:root:06-08-2018 22:43:23 Смолинская Алиса (ID: 28) changed balance from 250 to 270
INFO:root:06-08-2018 22:43:23 Соколова Валерия (ID: 29) changed balance from 200 to 220
INFO:root:06-08-2018 22:43:23 Федоров Василий (ID: 30) changed balance from 650 to 670
INFO:root:06-08-2018 22:43:23 Хисамутдинов Эльдар (ID: 31) changed balance from 650 to 670
INFO:root:06-08-2018 22:43:23 Цвей Лев (ID: 32) changed balance from 250 to 270
INFO:root:06-08-2018 22:43:23 Цейтлин  Михаил (ID: 33) changed balance from 300 to 320
